Base path: 'C:/Program Files/Unity/Hub/Editor/2019.4.3f1/Editor/Data', plugins path 'C:/Program Files/Unity/Hub/Editor/2019.4.3f1/Editor/Data/PlaybackEngines'
Cmd: initializeCompiler
Cmd: compileComputeKernel
  error: 2 plat 9 at Packages/com.unity.render-pipelines.high-definition/Runtime/ShaderLibrary/ShaderVariablesFunctions.hlsl(103): #error "SAMPLE_TEXTURECUBE_ARRAY" is not supported on GLES 3.0
  error: 2 plat 9 at Packages/com.unity.render-pipelines.high-definition/Runtime/ShaderLibrary/ShaderVariablesFunctions.hlsl(108): #error "SAMPLE_TEXTURECUBE_ARRAY_LOD" is not supported on GLES 3.0
  api=9 insize=848 outsize=0 ok=0
Cmd: compileComputeKernel
  api=4 insize=9615 outsize=3216 ok=1
Cmd: compileComputeKernel
  api=4 insize=9809 outsize=8504 ok=1
Cmd: compileComputeKernel
  api=4 insize=5032 outsize=9142 ok=1
Cmd: compileComputeKernel
  api=4 insize=17994 outsize=7462 ok=1
Cmd: compileComputeKernel
  api=4 insize=4823 outsize=2751 ok=1
Cmd: compileComputeKernel
  api=4 insize=2770 outsize=2273 ok=1
Cmd: compileComputeKernel
  api=4 insize=11086 outsize=666 ok=1
Cmd: compileComputeKernel
  api=4 insize=3111 outsize=2044 ok=1
Cmd: compileComputeKernel
  api=4 insize=40264 outsize=42040 ok=1
Cmd: compileComputeKernel
  api=4 insize=8511 outsize=1015 ok=1
Cmd: compileComputeKernel
  api=4 insize=3450 outsize=1164 ok=1
Cmd: compileComputeKernel
  api=4 insize=2307 outsize=987 ok=1
Cmd: compileComputeKernel
  error: 2 plat 9 at Packages/com.unity.render-pipelines.high-definition/Runtime/ShaderLibrary/ShaderVariablesFunctions.hlsl(103): #error "SAMPLE_TEXTURECUBE_ARRAY" is not supported on GLES 3.0
  error: 2 plat 9 at Packages/com.unity.render-pipelines.high-definition/Runtime/ShaderLibrary/ShaderVariablesFunctions.hlsl(108): #error "SAMPLE_TEXTURECUBE_ARRAY_LOD" is not supported on GLES 3.0
  api=9 insize=7840 outsize=0 ok=0
Cmd: compileComputeKernel
  api=4 insize=22339 outsize=1157 ok=1
Cmd: compileComputeKernel
  api=4 insize=6119 outsize=2156 ok=1
Cmd: compileComputeKernel
  api=4 insize=6745 outsize=2822 ok=1
Cmd: compileComputeKernel
  api=4 insize=10112 outsize=8391 ok=1
Cmd: compileComputeKernel
  api=9 insize=9103 outsize=6033 ok=1
Cmd: compileComputeKernel
  api=4 insize=16295 outsize=70029 ok=1
Cmd: compileComputeKernel
  api=4 insize=16295 outsize=39902 ok=1
Cmd: compileComputeKernel
  api=4 insize=16295 outsize=48581 ok=1
Cmd: compileComputeKernel
  api=4 insize=16295 outsize=44279 ok=1
Cmd: compileComputeKernel
  api=4 insize=16295 outsize=53326 ok=1
Cmd: compileComputeKernel
  api=4 insize=16295 outsize=37489 ok=1
Cmd: compileComputeKernel
  api=4 insize=7696 outsize=5531 ok=1
Cmd: compileComputeKernel
  api=4 insize=28593 outsize=3504 ok=1
Cmd: compileComputeKernel
  error: 2 plat 9 at Packages/com.unity.render-pipelines.high-definition/Runtime/ShaderLibrary/ShaderVariablesFunctions.hlsl(103): #error "SAMPLE_TEXTURECUBE_ARRAY" is not supported on GLES 3.0
  error: 2 plat 9 at Packages/com.unity.render-pipelines.high-definition/Runtime/ShaderLibrary/ShaderVariablesFunctions.hlsl(108): #error "SAMPLE_TEXTURECUBE_ARRAY_LOD" is not supported on GLES 3.0
  api=9 insize=12177 outsize=0 ok=0
Cmd: compileComputeKernel
  api=4 insize=12177 outsize=953 ok=1
Cmd: compileComputeKernel
  api=4 insize=13959 outsize=3986 ok=1
Cmd: compileComputeKernel
  api=4 insize=10587 outsize=3155 ok=1
Cmd: compileSnippet
  api=4 type=1 insize=2295 outsize=446 kw= pd=UNITY_NO_DXT5nm UNITY_ENABLE_REFLECTION_BUFFERS UNITY_NO_CUBEMAP_ARRAY UNITY_NO_SCREENSPACE_SHADOWS UNITY_PBS_USE_BRDF2 SHADER_API_DESKTOP UNITY_LIGHTMAP_FULL_HDR ok=1
