Base path: 'C:/Program Files/Unity/Hub/Editor/2019.4.3f1/Editor/Data', plugins path 'C:/Program Files/Unity/Hub/Editor/2019.4.3f1/Editor/Data/PlaybackEngines'
Cmd: initializeCompiler
Cmd: compileComputeKernel
  api=4 insize=18731 outsize=8653 ok=1
Cmd: compileComputeKernel
  api=4 insize=7570 outsize=583 ok=1
Cmd: compileComputeKernel
  error: 2 plat 9 at Packages/com.unity.render-pipelines.high-definition/Runtime/ShaderLibrary/ShaderVariablesFunctions.hlsl(103): #error "SAMPLE_TEXTURECUBE_ARRAY" is not supported on GLES 3.0
  error: 2 plat 9 at Packages/com.unity.render-pipelines.high-definition/Runtime/ShaderLibrary/ShaderVariablesFunctions.hlsl(108): #error "SAMPLE_TEXTURECUBE_ARRAY_LOD" is not supported on GLES 3.0
  api=9 insize=9615 outsize=0 ok=0
Cmd: compileComputeKernel
  api=4 insize=4528 outsize=695 ok=1
Cmd: compileComputeKernel
  api=4 insize=9809 outsize=4981 ok=1
Cmd: compileComputeKernel
  api=4 insize=9809 outsize=8685 ok=1
Cmd: compileComputeKernel
  api=4 insize=4823 outsize=885 ok=1
Cmd: compileComputeKernel
  api=9 insize=1372 outsize=1469 ok=1
Cmd: compileComputeKernel
  api=4 insize=14139 outsize=665 ok=1
Cmd: compileComputeKernel
  api=4 insize=11086 outsize=665 ok=1
Cmd: compileComputeKernel
  api=9 insize=5015 outsize=6774 ok=1
Cmd: compileComputeKernel
  api=4 insize=40264 outsize=42786 ok=1
Cmd: compileComputeKernel
  api=4 insize=40264 outsize=1522 ok=1
Cmd: compileComputeKernel
  api=4 insize=8511 outsize=6725 ok=1
Cmd: compileComputeKernel
  api=4 insize=3450 outsize=1076 ok=1
Cmd: compileComputeKernel
  api=4 insize=22295 outsize=14163 ok=1
Cmd: compileComputeKernel
  error: 2 plat 9 at Packages/com.unity.render-pipelines.high-definition/Runtime/ShaderLibrary/ShaderVariablesFunctions.hlsl(103): #error "SAMPLE_TEXTURECUBE_ARRAY" is not supported on GLES 3.0
  error: 2 plat 9 at Packages/com.unity.render-pipelines.high-definition/Runtime/ShaderLibrary/ShaderVariablesFunctions.hlsl(108): #error "SAMPLE_TEXTURECUBE_ARRAY_LOD" is not supported on GLES 3.0
  api=9 insize=3718 outsize=0 ok=0
Cmd: compileComputeKernel
  api=4 insize=3718 outsize=1426 ok=1
Cmd: compileComputeKernel
  api=4 insize=9735 outsize=13300 ok=1
Cmd: compileComputeKernel
  api=4 insize=8233 outsize=695 ok=1
Cmd: compileComputeKernel
  api=4 insize=3095 outsize=1865 ok=1
Cmd: compileComputeKernel
  api=4 insize=6745 outsize=4889 ok=1
Cmd: compileComputeKernel
  api=4 insize=26542 outsize=16121 ok=1
Cmd: compileComputeKernel
  api=4 insize=16295 outsize=102309 ok=1
Cmd: compileComputeKernel
  api=4 insize=16295 outsize=72422 ok=1
Cmd: compileComputeKernel
  api=4 insize=16295 outsize=50446 ok=1
Cmd: compileComputeKernel
  api=4 insize=3174 outsize=375 ok=1
Cmd: compileComputeKernel
  api=4 insize=3916 outsize=1613 ok=1
Cmd: compileComputeKernel
  api=4 insize=7589 outsize=1033 ok=1
Cmd: compileComputeKernel
  api=4 insize=8784 outsize=97855 ok=1
Cmd: compileComputeKernel
  api=4 insize=1165 outsize=1319 ok=1
Cmd: compileSnippet
  api=4 type=1 insize=1302 outsize=218 kw=UNITY_PASS_SHADOWCASTER SHADOWS_DEPTH pd=UNITY_NO_DXT5nm UNITY_ENABLE_REFLECTION_BUFFERS UNITY_NO_CUBEMAP_ARRAY UNITY_NO_SCREENSPACE_SHADOWS UNITY_PBS_USE_BRDF2 SHADER_API_DESKTOP UNITY_LIGHTMAP_FULL_HDR ok=1
Cmd: compileSnippet
  api=4 type=0 insize=1148 outsize=690 kw= pd=UNITY_NO_DXT5nm UNITY_ENABLE_REFLECTION_BUFFERS UNITY_NO_CUBEMAP_ARRAY UNITY_NO_SCREENSPACE_SHADOWS UNITY_PBS_USE_BRDF2 SHADER_API_DESKTOP UNITY_LIGHTMAP_FULL_HDR ok=1
Cmd: compileSnippet
  api=4 type=0 insize=9552 outsize=650 kw= pd=UNITY_NO_DXT5nm UNITY_ENABLE_REFLECTION_BUFFERS UNITY_NO_CUBEMAP_ARRAY UNITY_NO_SCREENSPACE_SHADOWS UNITY_PBS_USE_BRDF2 SHADER_API_DESKTOP UNITY_LIGHTMAP_FULL_HDR ok=1
